<?xml version="1.0" encoding="UTF-8"?>
<!-- Generated by org.testng.reporters.JUnitXMLReporter -->
<testsuite ignored="0" hostname="DESKTOP-O562LT0" failures="0" tests="4" name="Test" time="29.029" errors="0" timestamp="2023-03-01T09:46:57 IST">
  <testcase classname="sauceDemoLoginPage.TC01_VerifyLogin_Valid_U_Valid_P" name="VerifyLogin_Valid_U_Valid_P" time="12.892"/>
  <testcase classname="sauceDemoLoginPage.TC02_LoginWith_Valid_U_Invalid_P" name="LoginWith_Valid_U_Invalid_P" time="5.759"/>
  <testcase classname="sauceDemoLoginPage.TC03_LoginWith_Valid_U_blank_P" name="LoginWith_Valid_U_blank_P" time="5.579"/>
  <testcase classname="sauceDemoLoginPage.TC04_LoginWith_Invalid_U_valid_P" name="LoginWith_Invalid_U_valid_P" time="4.704"/>
</testsuite> <!-- Test -->
