<?xml version="1.0" encoding="UTF-8"?>
<testng-results ignored="0" total="1" passed="0" failed="0" skipped="1">
  <reporter-output>
  </reporter-output>
  <suite started-at="2023-03-11T17:16:57 IST" name="Default suite" finished-at="2023-03-11T17:17:00 IST" duration-ms="2891">
    <groups>
    </groups>
    <test started-at="2023-03-11T17:16:57 IST" name="Default test" finished-at="2023-03-11T17:17:00 IST" duration-ms="2891">
      <class name="amazonYourAccountPage.TC01_VerifyEnterAmountTextBox">
        <test-method signature="verifyEnterAmountTextBox(java.lang.String)[pri:0, instance:amazonYourAccountPage.TC01_VerifyEnterAmountTextBox@26e356f0]" started-at="2023-03-11T17:17:00 IST" name="verifyEnterAmountTextBox" data-provider="readExceldata" finished-at="2023-03-11T17:17:00 IST" duration-ms="0" status="SKIP">
          <exception class="java.lang.RuntimeException">
            <message>
              <![CDATA[java.lang.AbstractMethodError: Receiver class org.apache.logging.log4j.core.impl.Log4jContextFactory does not define or inherit an implementation of the resolved method 'abstract org.apache.logging.log4j.spi.LoggerContext getContext(java.lang.String, java.lang.ClassLoader, java.lang.Object, boolean)' of interface org.apache.logging.log4j.spi.LoggerContextFactory.]]>
            </message>
            <full-stacktrace>
              <![CDATA[java.lang.RuntimeException: java.lang.AbstractMethodError: Receiver class org.apache.logging.log4j.core.impl.Log4jContextFactory does not define or inherit an implementation of the resolved method 'abstract org.apache.logging.log4j.spi.LoggerContext getContext(java.lang.String, java.lang.ClassLoader, java.lang.Object, boolean)' of interface org.apache.logging.log4j.spi.LoggerContextFactory.
at org.testng.internal.MethodInvocationHelper.invokeMethodNoCheckedException(MethodInvocationHelper.java:50)
at org.testng.internal.MethodInvocationHelper.invokeDataProvider(MethodInvocationHelper.java:146)
at org.testng.internal.Parameters.handleParameters(Parameters.java:798)
at org.testng.internal.Parameters.handleParameters(Parameters.java:740)
at org.testng.internal.ParameterHandler.handleParameters(ParameterHandler.java:59)
at org.testng.internal.ParameterHandler.createParameters(ParameterHandler.java:38)
at org.testng.internal.TestInvoker$MethodInvocationAgent.invoke(TestInvoker.java:791)
at org.testng.internal.TestInvoker.invokeTestMethods(TestInvoker.java:146)
at org.testng.internal.TestMethodWorker.invokeTestMethods(TestMethodWorker.java:146)
at org.testng.internal.TestMethodWorker.run(TestMethodWorker.java:128)
at java.base/java.util.ArrayList.forEach(ArrayList.java:1511)
at org.testng.TestRunner.privateRun(TestRunner.java:794)
at org.testng.TestRunner.run(TestRunner.java:596)
at org.testng.SuiteRunner.runTest(SuiteRunner.java:377)
at org.testng.SuiteRunner.runSequentially(SuiteRunner.java:371)
at org.testng.SuiteRunner.privateRun(SuiteRunner.java:332)
at org.testng.SuiteRunner.run(SuiteRunner.java:276)
at org.testng.SuiteRunnerWorker.runSuite(SuiteRunnerWorker.java:53)
at org.testng.SuiteRunnerWorker.run(SuiteRunnerWorker.java:96)
at org.testng.TestNG.runSuitesSequentially(TestNG.java:1212)
at org.testng.TestNG.runSuitesLocally(TestNG.java:1134)
at org.testng.TestNG.runSuites(TestNG.java:1063)
at org.testng.TestNG.run(TestNG.java:1031)
at org.testng.remote.AbstractRemoteTestNG.run(AbstractRemoteTestNG.java:115)
at org.testng.remote.RemoteTestNG.initAndRun(RemoteTestNG.java:251)
at org.testng.remote.RemoteTestNG.main(RemoteTestNG.java:77)
Caused by: java.lang.AbstractMethodError: Receiver class org.apache.logging.log4j.core.impl.Log4jContextFactory does not define or inherit an implementation of the resolved method 'abstract org.apache.logging.log4j.spi.LoggerContext getContext(java.lang.String, java.lang.ClassLoader, java.lang.Object, boolean)' of interface org.apache.logging.log4j.spi.LoggerContextFactory.
at org.apache.logging.log4j.LogManager.getContext(LogManager.java:196)
at org.apache.logging.log4j.LogManager.getLogger(LogManager.java:599)
at org.apache.poi.ooxml.POIXMLDocumentPart.<clinit>(POIXMLDocumentPart.java:56)
at amazonYourAccountPage.ExcelData.rowCount(ExcelData.java:24)
at amazonYourAccountPage.TC01_VerifyEnterAmountTextBox.readExceldata(TC01_VerifyEnterAmountTextBox.java:49)
at java.base/jdk.internal.reflect.NativeMethodAccessorImpl.invoke0(Native Method)
at java.base/jdk.internal.reflect.NativeMethodAccessorImpl.invoke(NativeMethodAccessorImpl.java:77)
at java.base/jdk.internal.reflect.DelegatingMethodAccessorImpl.invoke(DelegatingMethodAccessorImpl.java:43)
at java.base/java.lang.reflect.Method.invoke(Method.java:568)
at org.testng.internal.MethodInvocationHelper.invokeMethod(MethodInvocationHelper.java:133)
at org.testng.internal.MethodInvocationHelper.invokeMethod(MethodInvocationHelper.java:77)
at org.testng.internal.MethodInvocationHelper.invokeMethodNoCheckedException(MethodInvocationHelper.java:46)
... 25 more
]]>
            </full-stacktrace>
          </exception> <!-- java.lang.RuntimeException -->
          <reporter-output>
          </reporter-output>
        </test-method> <!-- verifyEnterAmountTextBox -->
      </class> <!-- amazonYourAccountPage.TC01_VerifyEnterAmountTextBox -->
    </test> <!-- Default test -->
  </suite> <!-- Default suite -->
</testng-results>
