<?xml version="1.0" encoding="UTF-8"?>
<!-- Generated by org.testng.reporters.JUnitXMLReporter -->
<testsuite ignored="0" hostname="DESKTOP-O562LT0" failures="0" tests="7" name="Test" time="65.861" errors="0" timestamp="2023-03-01T09:59:37 IST">
  <testcase classname="sauceDemoLoginPage.TC01_VerifyLogin_Valid_U_Valid_P" name="VerifyLogin_Valid_U_Valid_P" time="18.438"/>
  <testcase classname="sauceDemoLoginPage.TC02_LoginWith_Valid_U_Invalid_P" name="LoginWith_Valid_U_Invalid_P" time="10.998"/>
  <testcase classname="sauceDemoLoginPage.TC03_LoginWith_Valid_U_blank_P" name="LoginWith_Valid_U_blank_P" time="6.998"/>
  <testcase classname="sauceDemoLoginPage.TC04_LoginWith_Invalid_U_valid_P" name="LoginWith_Invalid_U_valid_P" time="7.326"/>
  <testcase classname="sauceDemoLoginPage.TC05_LoginWith_blank_U_Valid_P" name="LoginWith_blank_U_Valid_P" time="5.45"/>
  <testcase classname="sauceDemoLoginPage.TC06_LoginWith_Blank_U_Blank_P" name="LoginWith_Blank_U_Blank_P" time="7.998"/>
  <testcase classname="sauceDemoLoginPage.TC07_VerifyLogout" name="VerifyLogout" time="8.555"/>
</testsuite> <!-- Test -->
