<?xml version="1.0" encoding="UTF-8"?>
<!-- Generated by org.testng.reporters.JUnitReportReporter -->
<testsuite hostname="DESKTOP-O562LT0" failures="0" tests="1" name="sauceDemoLoginPage.TC02_LoginWith_Valid_U_Invalid_P" time="10.998" errors="0" timestamp="2023-03-01T09:59:37 IST" skipped="0">
  <testcase classname="sauceDemoLoginPage.TC02_LoginWith_Valid_U_Invalid_P" name="LoginWith_Valid_U_Invalid_P" time="10.998"/>
  <system-out/>
</testsuite> <!-- sauceDemoLoginPage.TC02_LoginWith_Valid_U_Invalid_P -->
